<?xml version="1.0" encoding="UTF-8" standalone="no"?>
<!DOCTYPE log SYSTEM "logger.dtd">
<log>
<record>
  <date>2019-10-31T14:46:58</date>
  <millis>1572529618280</millis>
  <sequence>0</sequence>
  <level>START</level>
  <class>com.kms.katalon.core.logging.XmlKeywordLogger</class>
  <method>startSuite</method>
  <thread>1</thread>
  <message>Start Test Suite : Test Suites/Manipulation of quantity, weight and items before and after adding them to the cart</message>
  <nestedLevel>0</nestedLevel>
  <property name="name">Manipulation of quantity, weight and items before and after adding them to the cart</property>
  <property name="description"></property>
  <property name="id">Test Suites/Manipulation of quantity, weight and items before and after adding them to the cart</property>
</record>
<record>
  <date>2019-10-31T14:46:58</date>
  <millis>1572529618292</millis>
  <sequence>1</sequence>
  <level>RUN_DATA</level>
  <class>com.kms.katalon.core.logging.XmlKeywordLogger</class>
  <method>logMessage</method>
  <thread>1</thread>
  <message>hostName = Bojana-PC - BOJANA</message>
  <nestedLevel>0</nestedLevel>
  <property name="hostName">Bojana-PC - BOJANA</property>
</record>
<record>
  <date>2019-10-31T14:46:58</date>
  <millis>1572529618292</millis>
  <sequence>2</sequence>
  <level>RUN_DATA</level>
  <class>com.kms.katalon.core.logging.XmlKeywordLogger</class>
  <method>logMessage</method>
  <thread>1</thread>
  <message>os = Windows 10 64bit</message>
  <nestedLevel>0</nestedLevel>
  <property name="os">Windows 10 64bit</property>
</record>
<record>
  <date>2019-10-31T14:46:58</date>
  <millis>1572529618293</millis>
  <sequence>3</sequence>
  <level>RUN_DATA</level>
  <class>com.kms.katalon.core.logging.XmlKeywordLogger</class>
  <method>logMessage</method>
  <thread>1</thread>
  <message>hostAddress = 192.168.56.1</message>
  <nestedLevel>0</nestedLevel>
  <property name="hostAddress">192.168.56.1</property>
</record>
<record>
  <date>2019-10-31T14:46:58</date>
  <millis>1572529618294</millis>
  <sequence>4</sequence>
  <level>RUN_DATA</level>
  <class>com.kms.katalon.core.logging.XmlKeywordLogger</class>
  <method>logMessage</method>
  <thread>1</thread>
  <message>katalonVersion = 7.0.3.1</message>
  <nestedLevel>0</nestedLevel>
  <property name="katalonVersion">7.0.3.1</property>
</record>
<record>
  <date>2019-10-31T14:46:58</date>
  <millis>1572529618535</millis>
  <sequence>5</sequence>
  <level>START</level>
  <class>com.kms.katalon.core.logging.XmlKeywordLogger</class>
  <method>startTest</method>
  <thread>1</thread>
  <message>Start Test Case : Test Cases/Dutchie/Change quantity of product before adding it to the cart</message>
  <nestedLevel>1</nestedLevel>
  <property name="name">Test Cases/Dutchie/Change quantity of product before adding it to the cart</property>
  <property name="description"></property>
  <property name="id">Test Cases/Dutchie/Change quantity of product before adding it to the cart</property>
  <property name="source">C:\\Users\\Bojana-PC\\git\\Katalon_studio\\Test Cases\\Dutchie\\Change quantity of product before adding it to the cart.tc</property>
  <property name="tag"></property>
  <property name="isOptional">false</property>
</record>
<record>
  <date>2019-10-31T14:46:58</date>
  <millis>1572529618890</millis>
  <sequence>7</sequence>
  <level>START</level>
  <class>com.kms.katalon.core.logging.XmlKeywordLogger</class>
  <method>startKeyword</method>
  <thread>1</thread>
  <message>Start action : callTestCase(findTestCase(\&amp;quot;Dutchie/Open Blooming Deals dispensary\&amp;quot;), [:], STOP_ON_FAILURE)</message>
  <nestedLevel>1</nestedLevel>
  <property name="startLine">18</property>
  <property name="stepIndex">1</property>
</record>
<record>
  <date>2019-10-31T14:46:59</date>
  <millis>1572529619084</millis>
  <sequence>10</sequence>
  <level>START</level>
  <class>com.kms.katalon.core.logging.XmlKeywordLogger</class>
  <method>startTest</method>
  <thread>1</thread>
  <message>Start Test Case : Test Cases/Dutchie/Open Blooming Deals dispensary</message>
  <nestedLevel>2</nestedLevel>
  <property name="name">Test Cases/Dutchie/Open Blooming Deals dispensary</property>
  <property name="description"></property>
  <property name="id">Test Cases/Dutchie/Open Blooming Deals dispensary</property>
  <property name="source">C:\\Users\\Bojana-PC\\git\\Katalon_studio\\Test Cases\\Dutchie\\Open Blooming Deals dispensary.tc</property>
  <property name="tag"></property>
  <property name="isOptional">false</property>
</record>
<record>
  <date>2019-10-31T14:46:59</date>
  <millis>1572529619316</millis>
  <sequence>12</sequence>
  <level>START</level>
  <class>com.kms.katalon.core.logging.XmlKeywordLogger</class>
  <method>startKeyword</method>
  <thread>1</thread>
  <message>Start action : callTestCase(findTestCase(\&amp;quot;Dutchie/Open Dutchie homepage\&amp;quot;), [:], STOP_ON_FAILURE)</message>
  <nestedLevel>1</nestedLevel>
  <property name="startLine">18</property>
  <property name="stepIndex">1</property>
</record>
<record>
  <date>2019-10-31T14:46:59</date>
  <millis>1572529619388</millis>
  <sequence>15</sequence>
  <level>START</level>
  <class>com.kms.katalon.core.logging.XmlKeywordLogger</class>
  <method>startTest</method>
  <thread>1</thread>
  <message>Start Test Case : Test Cases/Dutchie/Open Dutchie homepage</message>
  <nestedLevel>3</nestedLevel>
  <property name="name">Test Cases/Dutchie/Open Dutchie homepage</property>
  <property name="description"></property>
  <property name="id">Test Cases/Dutchie/Open Dutchie homepage</property>
  <property name="source">C:\\Users\\Bojana-PC\\git\\Katalon_studio\\Test Cases\\Dutchie\\Open Dutchie homepage.tc</property>
  <property name="tag"></property>
  <property name="isOptional">false</property>
</record>
<record>
  <date>2019-10-31T14:46:59</date>
  <millis>1572529619572</millis>
  <sequence>17</sequence>
  <level>START</level>
  <class>com.kms.katalon.core.logging.XmlKeywordLogger</class>
  <method>startKeyword</method>
  <thread>1</thread>
  <message>Start action : openBrowser(\&amp;quot;https://qa.dutchie.dev/home\&amp;quot;)</message>
  <nestedLevel>1</nestedLevel>
  <property name="startLine">18</property>
  <property name="stepIndex">1</property>
</record>
<record>
  <date>2019-10-31T14:46:59</date>
  <millis>1572529619748</millis>
  <sequence>19</sequence>
  <level>INFO</level>
  <class>com.kms.katalon.core.logging.XmlKeywordLogger</class>
  <method>logMessage</method>
  <thread>1</thread>
  <message>Starting &amp;apos;Chrome&amp;apos; driver</message>
  <nestedLevel>3</nestedLevel>
</record>
<record>
  <date>2019-10-31T14:46:59</date>
  <millis>1572529619787</millis>
  <sequence>21</sequence>
  <level>INFO</level>
  <class>com.kms.katalon.core.logging.XmlKeywordLogger</class>
  <method>logMessage</method>
  <thread>1</thread>
  <message>Action delay is set to 0 seconds</message>
  <nestedLevel>3</nestedLevel>
</record>
<record>
  <date>2019-10-31T14:47:06</date>
  <millis>1572529626093</millis>
  <sequence>23</sequence>
  <level>RUN_DATA</level>
  <class>com.kms.katalon.core.logging.XmlKeywordLogger</class>
  <method>logMessage</method>
  <thread>1</thread>
  <message>sessionId = 2ee965f535abd09ddfd11184f983666b</message>
  <nestedLevel>3</nestedLevel>
  <property name="sessionId">2ee965f535abd09ddfd11184f983666b</property>
</record>
<record>
  <date>2019-10-31T14:47:06</date>
  <millis>1572529626112</millis>
  <sequence>24</sequence>
  <level>RUN_DATA</level>
  <class>com.kms.katalon.core.logging.XmlKeywordLogger</class>
  <method>logMessage</method>
  <thread>1</thread>
  <message>browser = Chrome 78.0.3904.70</message>
  <nestedLevel>3</nestedLevel>
  <property name="browser">Chrome 78.0.3904.70</property>
</record>
<record>
  <date>2019-10-31T14:47:06</date>
  <millis>1572529626112</millis>
  <sequence>25</sequence>
  <level>RUN_DATA</level>
  <class>com.kms.katalon.core.logging.XmlKeywordLogger</class>
  <method>logMessage</method>
  <thread>1</thread>
  <message>platform = Windows 10</message>
  <nestedLevel>3</nestedLevel>
  <property name="platform">Windows 10</property>
</record>
<record>
  <date>2019-10-31T14:47:06</date>
  <millis>1572529626113</millis>
  <sequence>26</sequence>
  <level>RUN_DATA</level>
  <class>com.kms.katalon.core.logging.XmlKeywordLogger</class>
  <method>logMessage</method>
  <thread>1</thread>
  <message>seleniumVersion = 3.141.59</message>
  <nestedLevel>3</nestedLevel>
  <property name="seleniumVersion">3.141.59</property>
</record>
<record>
  <date>2019-10-31T14:47:06</date>
  <millis>1572529626113</millis>
  <sequence>27</sequence>
  <level>RUN_DATA</level>
  <class>com.kms.katalon.core.logging.XmlKeywordLogger</class>
  <method>logMessage</method>
  <thread>1</thread>
  <message>proxyInformation = ProxyInformation{proxyOption=NO_PROXY, proxyServerType=HTTP, password=, proxyServerAddress=, proxyServerPort=0}</message>
  <nestedLevel>3</nestedLevel>
  <property name="proxyInformation">ProxyInformation{proxyOption=NO_PROXY, proxyServerType=HTTP, password=, proxyServerAddress=, proxyServerPort=0}</property>
</record>
<record>
  <date>2019-10-31T14:47:07</date>
  <millis>1572529627777</millis>
  <sequence>29</sequence>
  <level>PASSED</level>
  <class>com.kms.katalon.core.logging.XmlKeywordLogger</class>
  <method>logMessage</method>
  <thread>1</thread>
  <message>Browser is opened with url: &amp;apos;https://qa.dutchie.dev/home&amp;apos;</message>
  <nestedLevel>3</nestedLevel>
</record>
<record>
  <date>2019-10-31T14:47:07</date>
  <millis>1572529627778</millis>
  <sequence>30</sequence>
  <level>END</level>
  <class>com.kms.katalon.core.logging.XmlKeywordLogger</class>
  <method>endKeyword</method>
  <thread>1</thread>
  <message>End action : openBrowser(\&amp;quot;https://qa.dutchie.dev/home\&amp;quot;)</message>
  <nestedLevel>1</nestedLevel>
</record>
<record>
  <date>2019-10-31T14:47:07</date>
  <millis>1572529627778</millis>
  <sequence>31</sequence>
  <level>START</level>
  <class>com.kms.katalon.core.logging.XmlKeywordLogger</class>
  <method>startKeyword</method>
  <thread>1</thread>
  <message>Start action : maximizeWindow()</message>
  <nestedLevel>1</nestedLevel>
  <property name="startLine">20</property>
  <property name="stepIndex">2</property>
</record>
<record>
  <date>2019-10-31T14:47:11</date>
  <millis>1572529631922</millis>
  <sequence>33</sequence>
  <level>PASSED</level>
  <class>com.kms.katalon.core.logging.XmlKeywordLogger</class>
  <method>logMessage</method>
  <thread>1</thread>
  <message>Current window maximized</message>
  <nestedLevel>3</nestedLevel>
</record>
<record>
  <date>2019-10-31T14:47:11</date>
  <millis>1572529631922</millis>
  <sequence>34</sequence>
  <level>END</level>
  <class>com.kms.katalon.core.logging.XmlKeywordLogger</class>
  <method>endKeyword</method>
  <thread>1</thread>
  <message>End action : maximizeWindow()</message>
  <nestedLevel>1</nestedLevel>
</record>
<record>
  <date>2019-10-31T14:47:11</date>
  <millis>1572529631922</millis>
  <sequence>35</sequence>
  <level>START</level>
  <class>com.kms.katalon.core.logging.XmlKeywordLogger</class>
  <method>startKeyword</method>
  <thread>1</thread>
  <message>Start action : verifyElementPresent(findTestObject(\&amp;quot;Dutchie/Homepage/searchBar\&amp;quot;), 10)</message>
  <nestedLevel>1</nestedLevel>
  <property name="startLine">22</property>
  <property name="stepIndex">3</property>
</record>
<record>
  <date>2019-10-31T14:47:11</date>
  <millis>1572529631923</millis>
  <sequence>36</sequence>
  <level>NOT_RUN</level>
  <class>com.kms.katalon.core.logging.XmlKeywordLogger</class>
  <method>logMessage</method>
  <thread>1</thread>
  <message>NOT_RUN: verifyElementPresent(findTestObject(\&amp;quot;Dutchie/Homepage/searchBar\&amp;quot;), 10)</message>
  <nestedLevel>3</nestedLevel>
</record>
<record>
  <date>2019-10-31T14:47:11</date>
  <millis>1572529631924</millis>
  <sequence>37</sequence>
  <level>END</level>
  <class>com.kms.katalon.core.logging.XmlKeywordLogger</class>
  <method>endKeyword</method>
  <thread>1</thread>
  <message>End action : verifyElementPresent(findTestObject(\&amp;quot;Dutchie/Homepage/searchBar\&amp;quot;), 10)</message>
  <nestedLevel>1</nestedLevel>
</record>
<record>
  <date>2019-10-31T14:47:11</date>
  <millis>1572529631924</millis>
  <sequence>38</sequence>
  <level>START</level>
  <class>com.kms.katalon.core.logging.XmlKeywordLogger</class>
  <method>startKeyword</method>
  <thread>1</thread>
  <message>Start action : closeBrowser()</message>
  <nestedLevel>1</nestedLevel>
  <property name="startLine">24</property>
  <property name="stepIndex">4</property>
</record>
<record>
  <date>2019-10-31T14:47:11</date>
  <millis>1572529631925</millis>
  <sequence>39</sequence>
  <level>NOT_RUN</level>
  <class>com.kms.katalon.core.logging.XmlKeywordLogger</class>
  <method>logMessage</method>
  <thread>1</thread>
  <message>NOT_RUN: closeBrowser()</message>
  <nestedLevel>3</nestedLevel>
</record>
<record>
  <date>2019-10-31T14:47:11</date>
  <millis>1572529631925</millis>
  <sequence>40</sequence>
  <level>END</level>
  <class>com.kms.katalon.core.logging.XmlKeywordLogger</class>
  <method>endKeyword</method>
  <thread>1</thread>
  <message>End action : closeBrowser()</message>
  <nestedLevel>1</nestedLevel>
</record>
<record>
  <date>2019-10-31T14:47:11</date>
  <millis>1572529631925</millis>
  <sequence>41</sequence>
  <level>PASSED</level>
  <class>com.kms.katalon.core.logging.XmlKeywordLogger</class>
  <method>logMessage</method>
  <thread>1</thread>
  <message>Test Cases/Dutchie/Open Dutchie homepage</message>
  <nestedLevel>3</nestedLevel>
</record>
<record>
  <date>2019-10-31T14:47:11</date>
  <millis>1572529631925</millis>
  <sequence>42</sequence>
  <level>END</level>
  <class>com.kms.katalon.core.logging.XmlKeywordLogger</class>
  <method>endTest</method>
  <thread>1</thread>
  <message>End Test Case : Test Cases/Dutchie/Open Dutchie homepage</message>
  <nestedLevel>2</nestedLevel>
</record>
<record>
  <date>2019-10-31T14:47:11</date>
  <millis>1572529631930</millis>
  <sequence>43</sequence>
  <level>PASSED</level>
  <class>com.kms.katalon.core.logging.XmlKeywordLogger</class>
  <method>logMessage</method>
  <thread>1</thread>
  <message>Call Test Case &amp;apos;Test Cases/Dutchie/Open Dutchie homepage&amp;apos; successfully</message>
  <nestedLevel>2</nestedLevel>
</record>
<record>
  <date>2019-10-31T14:47:11</date>
  <millis>1572529631931</millis>
  <sequence>44</sequence>
  <level>END</level>
  <class>com.kms.katalon.core.logging.XmlKeywordLogger</class>
  <method>endKeyword</method>
  <thread>1</thread>
  <message>End action : callTestCase(findTestCase(\&amp;quot;Dutchie/Open Dutchie homepage\&amp;quot;), [:], STOP_ON_FAILURE)</message>
  <nestedLevel>1</nestedLevel>
</record>
<record>
  <date>2019-10-31T14:47:11</date>
  <millis>1572529631931</millis>
  <sequence>45</sequence>
  <level>START</level>
  <class>com.kms.katalon.core.logging.XmlKeywordLogger</class>
  <method>startKeyword</method>
  <thread>1</thread>
  <message>Start action : scrollToElement(findTestObject(\&amp;quot;Dutchie/Homepage/BloomingDealsLink\&amp;quot;), 0)</message>
  <nestedLevel>1</nestedLevel>
  <property name="startLine">22</property>
  <property name="stepIndex">2</property>
</record>
<record>
  <date>2019-10-31T14:47:12</date>
  <millis>1572529632007</millis>
  <sequence>49</sequence>
  <level>WARNING</level>
  <class>com.kms.katalon.core.logging.XmlKeywordLogger</class>
  <method>logMessage</method>
  <thread>1</thread>
  <message>Timeout &amp;apos;0&amp;apos; is invalid. Using default page load timeout: &amp;apos;30&amp;apos;</message>
  <nestedLevel>2</nestedLevel>
</record>
<record>
  <date>2019-10-31T14:47:12</date>
  <millis>1572529632575</millis>
  <sequence>55</sequence>
  <level>PASSED</level>
  <class>com.kms.katalon.core.logging.XmlKeywordLogger</class>
  <method>logMessage</method>
  <thread>1</thread>
  <message>Scroll to object &amp;apos;Object Repository/Dutchie/Homepage/BloomingDealsLink&amp;apos; successfully</message>
  <nestedLevel>2</nestedLevel>
</record>
<record>
  <date>2019-10-31T14:47:12</date>
  <millis>1572529632576</millis>
  <sequence>56</sequence>
  <level>END</level>
  <class>com.kms.katalon.core.logging.XmlKeywordLogger</class>
  <method>endKeyword</method>
  <thread>1</thread>
  <message>End action : scrollToElement(findTestObject(\&amp;quot;Dutchie/Homepage/BloomingDealsLink\&amp;quot;), 0)</message>
  <nestedLevel>1</nestedLevel>
</record>
<record>
  <date>2019-10-31T14:47:12</date>
  <millis>1572529632576</millis>
  <sequence>57</sequence>
  <level>START</level>
  <class>com.kms.katalon.core.logging.XmlKeywordLogger</class>
  <method>startKeyword</method>
  <thread>1</thread>
  <message>Start action : click(findTestObject(\&amp;quot;Dutchie/Homepage/BloomingDealsLink\&amp;quot;))</message>
  <nestedLevel>1</nestedLevel>
  <property name="startLine">26</property>
  <property name="stepIndex">3</property>
</record>
<record>
  <date>2019-10-31T14:47:13</date>
  <millis>1572529633043</millis>
  <sequence>66</sequence>
  <level>PASSED</level>
  <class>com.kms.katalon.core.logging.XmlKeywordLogger</class>
  <method>logMessage</method>
  <thread>1</thread>
  <message>Object: &amp;apos;Object Repository/Dutchie/Homepage/BloomingDealsLink&amp;apos; is clicked on</message>
  <nestedLevel>2</nestedLevel>
</record>
<record>
  <date>2019-10-31T14:47:13</date>
  <millis>1572529633044</millis>
  <sequence>67</sequence>
  <level>END</level>
  <class>com.kms.katalon.core.logging.XmlKeywordLogger</class>
  <method>endKeyword</method>
  <thread>1</thread>
  <message>End action : click(findTestObject(\&amp;quot;Dutchie/Homepage/BloomingDealsLink\&amp;quot;))</message>
  <nestedLevel>1</nestedLevel>
</record>
<record>
  <date>2019-10-31T14:47:13</date>
  <millis>1572529633045</millis>
  <sequence>68</sequence>
  <level>START</level>
  <class>com.kms.katalon.core.logging.XmlKeywordLogger</class>
  <method>startKeyword</method>
  <thread>1</thread>
  <message>Start action : waitForPageLoad(5)</message>
  <nestedLevel>1</nestedLevel>
  <property name="startLine">28</property>
  <property name="stepIndex">4</property>
</record>
<record>
  <date>2019-10-31T14:47:13</date>
  <millis>1572529633150</millis>
  <sequence>70</sequence>
  <level>PASSED</level>
  <class>com.kms.katalon.core.logging.XmlKeywordLogger</class>
  <method>logMessage</method>
  <thread>1</thread>
  <message>Wait for page load successfully</message>
  <nestedLevel>2</nestedLevel>
</record>
<record>
  <date>2019-10-31T14:47:13</date>
  <millis>1572529633150</millis>
  <sequence>71</sequence>
  <level>END</level>
  <class>com.kms.katalon.core.logging.XmlKeywordLogger</class>
  <method>endKeyword</method>
  <thread>1</thread>
  <message>End action : waitForPageLoad(5)</message>
  <nestedLevel>1</nestedLevel>
</record>
<record>
  <date>2019-10-31T14:47:13</date>
  <millis>1572529633150</millis>
  <sequence>72</sequence>
  <level>PASSED</level>
  <class>com.kms.katalon.core.logging.XmlKeywordLogger</class>
  <method>logMessage</method>
  <thread>1</thread>
  <message>Test Cases/Dutchie/Open Blooming Deals dispensary</message>
  <nestedLevel>2</nestedLevel>
</record>
<record>
  <date>2019-10-31T14:47:13</date>
  <millis>1572529633151</millis>
  <sequence>73</sequence>
  <level>END</level>
  <class>com.kms.katalon.core.logging.XmlKeywordLogger</class>
  <method>endTest</method>
  <thread>1</thread>
  <message>End Test Case : Test Cases/Dutchie/Open Blooming Deals dispensary</message>
  <nestedLevel>1</nestedLevel>
</record>
<record>
  <date>2019-10-31T14:47:13</date>
  <millis>1572529633151</millis>
  <sequence>74</sequence>
  <level>PASSED</level>
  <class>com.kms.katalon.core.logging.XmlKeywordLogger</class>
  <method>logMessage</method>
  <thread>1</thread>
  <message>Call Test Case &amp;apos;Test Cases/Dutchie/Open Blooming Deals dispensary&amp;apos; successfully</message>
  <nestedLevel>1</nestedLevel>
</record>
<record>
  <date>2019-10-31T14:47:13</date>
  <millis>1572529633152</millis>
  <sequence>75</sequence>
  <level>END</level>
  <class>com.kms.katalon.core.logging.XmlKeywordLogger</class>
  <method>endKeyword</method>
  <thread>1</thread>
  <message>End action : callTestCase(findTestCase(\&amp;quot;Dutchie/Open Blooming Deals dispensary\&amp;quot;), [:], STOP_ON_FAILURE)</message>
  <nestedLevel>1</nestedLevel>
</record>
<record>
  <date>2019-10-31T14:47:13</date>
  <millis>1572529633152</millis>
  <sequence>76</sequence>
  <level>START</level>
  <class>com.kms.katalon.core.logging.XmlKeywordLogger</class>
  <method>startKeyword</method>
  <thread>1</thread>
  <message>Start action : click(findTestObject(\&amp;quot;Dutchie/Dispensary page/Cannabis Nation Cherry Chem\&amp;quot;))</message>
  <nestedLevel>1</nestedLevel>
  <property name="startLine">21</property>
  <property name="stepIndex">2</property>
</record>
<record>
  <date>2019-10-31T14:47:15</date>
  <millis>1572529635671</millis>
  <sequence>85</sequence>
  <level>PASSED</level>
  <class>com.kms.katalon.core.logging.XmlKeywordLogger</class>
  <method>logMessage</method>
  <thread>1</thread>
  <message>Object: &amp;apos;Object Repository/Dutchie/Dispensary page/Cannabis Nation Cherry Chem&amp;apos; is clicked on</message>
  <nestedLevel>1</nestedLevel>
</record>
<record>
  <date>2019-10-31T14:47:15</date>
  <millis>1572529635671</millis>
  <sequence>86</sequence>
  <level>END</level>
  <class>com.kms.katalon.core.logging.XmlKeywordLogger</class>
  <method>endKeyword</method>
  <thread>1</thread>
  <message>End action : click(findTestObject(\&amp;quot;Dutchie/Dispensary page/Cannabis Nation Cherry Chem\&amp;quot;))</message>
  <nestedLevel>1</nestedLevel>
</record>
<record>
  <date>2019-10-31T14:47:15</date>
  <millis>1572529635671</millis>
  <sequence>87</sequence>
  <level>START</level>
  <class>com.kms.katalon.core.logging.XmlKeywordLogger</class>
  <method>startKeyword</method>
  <thread>1</thread>
  <message>Start action : switchToDefaultContent()</message>
  <nestedLevel>1</nestedLevel>
  <property name="startLine">23</property>
  <property name="stepIndex">3</property>
</record>
<record>
  <date>2019-10-31T14:47:15</date>
  <millis>1572529635715</millis>
  <sequence>89</sequence>
  <level>END</level>
  <class>com.kms.katalon.core.logging.XmlKeywordLogger</class>
  <method>endKeyword</method>
  <thread>1</thread>
  <message>End action : switchToDefaultContent()</message>
  <nestedLevel>1</nestedLevel>
</record>
<record>
  <date>2019-10-31T14:47:15</date>
  <millis>1572529635715</millis>
  <sequence>90</sequence>
  <level>START</level>
  <class>com.kms.katalon.core.logging.XmlKeywordLogger</class>
  <method>startKeyword</method>
  <thread>1</thread>
  <message>Start action : click(findTestObject(\&amp;quot;Dutchie/Product modal/SelectQuantity\&amp;quot;))</message>
  <nestedLevel>1</nestedLevel>
  <property name="startLine">26</property>
  <property name="stepIndex">4</property>
</record>
<record>
  <date>2019-10-31T14:47:16</date>
  <millis>1572529636605</millis>
  <sequence>99</sequence>
  <level>PASSED</level>
  <class>com.kms.katalon.core.logging.XmlKeywordLogger</class>
  <method>logMessage</method>
  <thread>1</thread>
  <message>Object: &amp;apos;Object Repository/Dutchie/Product modal/SelectQuantity&amp;apos; is clicked on</message>
  <nestedLevel>1</nestedLevel>
</record>
<record>
  <date>2019-10-31T14:47:16</date>
  <millis>1572529636606</millis>
  <sequence>100</sequence>
  <level>END</level>
  <class>com.kms.katalon.core.logging.XmlKeywordLogger</class>
  <method>endKeyword</method>
  <thread>1</thread>
  <message>End action : click(findTestObject(\&amp;quot;Dutchie/Product modal/SelectQuantity\&amp;quot;))</message>
  <nestedLevel>1</nestedLevel>
</record>
<record>
  <date>2019-10-31T14:47:16</date>
  <millis>1572529636606</millis>
  <sequence>101</sequence>
  <level>START</level>
  <class>com.kms.katalon.core.logging.XmlKeywordLogger</class>
  <method>startKeyword</method>
  <thread>1</thread>
  <message>Start action : scrollToElement(findTestObject(\&amp;quot;Dutchie/Product modal/10 items\&amp;quot;), 2)</message>
  <nestedLevel>1</nestedLevel>
  <property name="startLine">28</property>
  <property name="stepIndex">5</property>
</record>
<record>
  <date>2019-10-31T14:47:16</date>
  <millis>1572529636944</millis>
  <sequence>110</sequence>
  <level>PASSED</level>
  <class>com.kms.katalon.core.logging.XmlKeywordLogger</class>
  <method>logMessage</method>
  <thread>1</thread>
  <message>Scroll to object &amp;apos;Object Repository/Dutchie/Product modal/10 items&amp;apos; successfully</message>
  <nestedLevel>1</nestedLevel>
</record>
<record>
  <date>2019-10-31T14:47:16</date>
  <millis>1572529636944</millis>
  <sequence>111</sequence>
  <level>END</level>
  <class>com.kms.katalon.core.logging.XmlKeywordLogger</class>
  <method>endKeyword</method>
  <thread>1</thread>
  <message>End action : scrollToElement(findTestObject(\&amp;quot;Dutchie/Product modal/10 items\&amp;quot;), 2)</message>
  <nestedLevel>1</nestedLevel>
</record>
<record>
  <date>2019-10-31T14:47:16</date>
  <millis>1572529636944</millis>
  <sequence>112</sequence>
  <level>START</level>
  <class>com.kms.katalon.core.logging.XmlKeywordLogger</class>
  <method>startKeyword</method>
  <thread>1</thread>
  <message>Start action : delay(2)</message>
  <nestedLevel>1</nestedLevel>
  <property name="startLine">30</property>
  <property name="stepIndex">6</property>
</record>
<record>
  <date>2019-10-31T14:47:18</date>
  <millis>1572529638950</millis>
  <sequence>114</sequence>
  <level>PASSED</level>
  <class>com.kms.katalon.core.logging.XmlKeywordLogger</class>
  <method>logMessage</method>
  <thread>1</thread>
  <message>Delayed 2 second(s)</message>
  <nestedLevel>1</nestedLevel>
</record>
<record>
  <date>2019-10-31T14:47:18</date>
  <millis>1572529638952</millis>
  <sequence>115</sequence>
  <level>END</level>
  <class>com.kms.katalon.core.logging.XmlKeywordLogger</class>
  <method>endKeyword</method>
  <thread>1</thread>
  <message>End action : delay(2)</message>
  <nestedLevel>1</nestedLevel>
</record>
<record>
  <date>2019-10-31T14:47:18</date>
  <millis>1572529638952</millis>
  <sequence>116</sequence>
  <level>START</level>
  <class>com.kms.katalon.core.logging.XmlKeywordLogger</class>
  <method>startKeyword</method>
  <thread>1</thread>
  <message>Start action : click(findTestObject(\&amp;quot;Dutchie/Product modal/10 items\&amp;quot;))</message>
  <nestedLevel>1</nestedLevel>
  <property name="startLine">32</property>
  <property name="stepIndex">7</property>
</record>
<record>
  <date>2019-10-31T14:47:19</date>
  <millis>1572529639348</millis>
  <sequence>125</sequence>
  <level>PASSED</level>
  <class>com.kms.katalon.core.logging.XmlKeywordLogger</class>
  <method>logMessage</method>
  <thread>1</thread>
  <message>Object: &amp;apos;Object Repository/Dutchie/Product modal/10 items&amp;apos; is clicked on</message>
  <nestedLevel>1</nestedLevel>
</record>
<record>
  <date>2019-10-31T14:47:19</date>
  <millis>1572529639348</millis>
  <sequence>126</sequence>
  <level>END</level>
  <class>com.kms.katalon.core.logging.XmlKeywordLogger</class>
  <method>endKeyword</method>
  <thread>1</thread>
  <message>End action : click(findTestObject(\&amp;quot;Dutchie/Product modal/10 items\&amp;quot;))</message>
  <nestedLevel>1</nestedLevel>
</record>
<record>
  <date>2019-10-31T14:47:19</date>
  <millis>1572529639349</millis>
  <sequence>127</sequence>
  <level>START</level>
  <class>com.kms.katalon.core.logging.XmlKeywordLogger</class>
  <method>startKeyword</method>
  <thread>1</thread>
  <message>Start action : delay(2)</message>
  <nestedLevel>1</nestedLevel>
  <property name="startLine">34</property>
  <property name="stepIndex">8</property>
</record>
<record>
  <date>2019-10-31T14:47:21</date>
  <millis>1572529641353</millis>
  <sequence>129</sequence>
  <level>PASSED</level>
  <class>com.kms.katalon.core.logging.XmlKeywordLogger</class>
  <method>logMessage</method>
  <thread>1</thread>
  <message>Delayed 2 second(s)</message>
  <nestedLevel>1</nestedLevel>
</record>
<record>
  <date>2019-10-31T14:47:21</date>
  <millis>1572529641355</millis>
  <sequence>130</sequence>
  <level>END</level>
  <class>com.kms.katalon.core.logging.XmlKeywordLogger</class>
  <method>endKeyword</method>
  <thread>1</thread>
  <message>End action : delay(2)</message>
  <nestedLevel>1</nestedLevel>
</record>
<record>
  <date>2019-10-31T14:47:21</date>
  <millis>1572529641357</millis>
  <sequence>131</sequence>
  <level>START</level>
  <class>com.kms.katalon.core.logging.XmlKeywordLogger</class>
  <method>startKeyword</method>
  <thread>1</thread>
  <message>Start action : click(findTestObject(\&amp;quot;Dutchie/Product modal/AddToCart_xpath\&amp;quot;))</message>
  <nestedLevel>1</nestedLevel>
  <property name="startLine">37</property>
  <property name="stepIndex">9</property>
</record>
<record>
  <date>2019-10-31T14:47:21</date>
  <millis>1572529641812</millis>
  <sequence>140</sequence>
  <level>PASSED</level>
  <class>com.kms.katalon.core.logging.XmlKeywordLogger</class>
  <method>logMessage</method>
  <thread>1</thread>
  <message>Object: &amp;apos;Object Repository/Dutchie/Product modal/AddToCart_xpath&amp;apos; is clicked on</message>
  <nestedLevel>1</nestedLevel>
</record>
<record>
  <date>2019-10-31T14:47:21</date>
  <millis>1572529641815</millis>
  <sequence>141</sequence>
  <level>END</level>
  <class>com.kms.katalon.core.logging.XmlKeywordLogger</class>
  <method>endKeyword</method>
  <thread>1</thread>
  <message>End action : click(findTestObject(\&amp;quot;Dutchie/Product modal/AddToCart_xpath\&amp;quot;))</message>
  <nestedLevel>1</nestedLevel>
</record>
<record>
  <date>2019-10-31T14:47:21</date>
  <millis>1572529641815</millis>
  <sequence>142</sequence>
  <level>START</level>
  <class>com.kms.katalon.core.logging.XmlKeywordLogger</class>
  <method>startKeyword</method>
  <thread>1</thread>
  <message>Start action : switchToDefaultContent()</message>
  <nestedLevel>1</nestedLevel>
  <property name="startLine">39</property>
  <property name="stepIndex">10</property>
</record>
<record>
  <date>2019-10-31T14:47:21</date>
  <millis>1572529641841</millis>
  <sequence>144</sequence>
  <level>END</level>
  <class>com.kms.katalon.core.logging.XmlKeywordLogger</class>
  <method>endKeyword</method>
  <thread>1</thread>
  <message>End action : switchToDefaultContent()</message>
  <nestedLevel>1</nestedLevel>
</record>
<record>
  <date>2019-10-31T14:47:21</date>
  <millis>1572529641841</millis>
  <sequence>145</sequence>
  <level>START</level>
  <class>com.kms.katalon.core.logging.XmlKeywordLogger</class>
  <method>startKeyword</method>
  <thread>1</thread>
  <message>Start action : click(findTestObject(\&amp;quot;Dutchie/Delivery-pickup modal/Pickup\&amp;quot;))</message>
  <nestedLevel>1</nestedLevel>
  <property name="startLine">42</property>
  <property name="stepIndex">11</property>
</record>
<record>
  <date>2019-10-31T14:47:22</date>
  <millis>1572529642431</millis>
  <sequence>154</sequence>
  <level>PASSED</level>
  <class>com.kms.katalon.core.logging.XmlKeywordLogger</class>
  <method>logMessage</method>
  <thread>1</thread>
  <message>Object: &amp;apos;Object Repository/Dutchie/Delivery-pickup modal/Pickup&amp;apos; is clicked on</message>
  <nestedLevel>1</nestedLevel>
</record>
<record>
  <date>2019-10-31T14:47:22</date>
  <millis>1572529642432</millis>
  <sequence>155</sequence>
  <level>END</level>
  <class>com.kms.katalon.core.logging.XmlKeywordLogger</class>
  <method>endKeyword</method>
  <thread>1</thread>
  <message>End action : click(findTestObject(\&amp;quot;Dutchie/Delivery-pickup modal/Pickup\&amp;quot;))</message>
  <nestedLevel>1</nestedLevel>
</record>
<record>
  <date>2019-10-31T14:47:22</date>
  <millis>1572529642432</millis>
  <sequence>156</sequence>
  <level>START</level>
  <class>com.kms.katalon.core.logging.XmlKeywordLogger</class>
  <method>startKeyword</method>
  <thread>1</thread>
  <message>Start action : verifyTextPresent(\&amp;quot;Qty: 10 - $72.00\&amp;quot;, false)</message>
  <nestedLevel>1</nestedLevel>
  <property name="startLine">45</property>
  <property name="stepIndex">12</property>
</record>
<record>
  <date>2019-10-31T14:47:23</date>
  <millis>1572529643331</millis>
  <sequence>159</sequence>
  <level>PASSED</level>
  <class>com.kms.katalon.core.logging.XmlKeywordLogger</class>
  <method>logMessage</method>
  <thread>1</thread>
  <message>Text &amp;apos;Qty: 10 - $72.00&amp;apos; is present on page </message>
  <nestedLevel>1</nestedLevel>
</record>
<record>
  <date>2019-10-31T14:47:23</date>
  <millis>1572529643331</millis>
  <sequence>160</sequence>
  <level>END</level>
  <class>com.kms.katalon.core.logging.XmlKeywordLogger</class>
  <method>endKeyword</method>
  <thread>1</thread>
  <message>End action : verifyTextPresent(\&amp;quot;Qty: 10 - $72.00\&amp;quot;, false)</message>
  <nestedLevel>1</nestedLevel>
</record>
<record>
  <date>2019-10-31T14:47:23</date>
  <millis>1572529643331</millis>
  <sequence>161</sequence>
  <level>START</level>
  <class>com.kms.katalon.core.logging.XmlKeywordLogger</class>
  <method>startKeyword</method>
  <thread>1</thread>
  <message>Start action : click(findTestObject(\&amp;quot;Dutchie/Dispensary page/Dutchie logo\&amp;quot;))</message>
  <nestedLevel>1</nestedLevel>
  <property name="startLine">47</property>
  <property name="stepIndex">13</property>
</record>
<record>
  <date>2019-10-31T14:47:23</date>
  <millis>1572529643775</millis>
  <sequence>170</sequence>
  <level>PASSED</level>
  <class>com.kms.katalon.core.logging.XmlKeywordLogger</class>
  <method>logMessage</method>
  <thread>1</thread>
  <message>Object: &amp;apos;Object Repository/Dutchie/Dispensary page/Dutchie logo&amp;apos; is clicked on</message>
  <nestedLevel>1</nestedLevel>
</record>
<record>
  <date>2019-10-31T14:47:23</date>
  <millis>1572529643775</millis>
  <sequence>171</sequence>
  <level>END</level>
  <class>com.kms.katalon.core.logging.XmlKeywordLogger</class>
  <method>endKeyword</method>
  <thread>1</thread>
  <message>End action : click(findTestObject(\&amp;quot;Dutchie/Dispensary page/Dutchie logo\&amp;quot;))</message>
  <nestedLevel>1</nestedLevel>
</record>
<record>
  <date>2019-10-31T14:47:23</date>
  <millis>1572529643776</millis>
  <sequence>172</sequence>
  <level>PASSED</level>
  <class>com.kms.katalon.core.logging.XmlKeywordLogger</class>
  <method>logMessage</method>
  <thread>1</thread>
  <message>Test Cases/Dutchie/Change quantity of product before adding it to the cart</message>
  <nestedLevel>1</nestedLevel>
</record>
<record>
  <date>2019-10-31T14:47:23</date>
  <millis>1572529643776</millis>
  <sequence>173</sequence>
  <level>END</level>
  <class>com.kms.katalon.core.logging.XmlKeywordLogger</class>
  <method>endTest</method>
  <thread>1</thread>
  <message>End Test Case : Test Cases/Dutchie/Change quantity of product before adding it to the cart</message>
  <nestedLevel>0</nestedLevel>
</record>
<record>
  <date>2019-10-31T14:47:23</date>
  <millis>1572529643787</millis>
  <sequence>174</sequence>
  <level>START</level>
  <class>com.kms.katalon.core.logging.XmlKeywordLogger</class>
  <method>startTest</method>
  <thread>1</thread>
  <message>Start Test Case : Test Cases/Dutchie/Change weight of item before adding it to the cart</message>
  <nestedLevel>1</nestedLevel>
  <property name="name">Test Cases/Dutchie/Change weight of item before adding it to the cart</property>
  <property name="description"></property>
  <property name="id">Test Cases/Dutchie/Change weight of item before adding it to the cart</property>
  <property name="source">C:\\Users\\Bojana-PC\\git\\Katalon_studio\\Test Cases\\Dutchie\\Change weight of item before adding it to the cart.tc</property>
  <property name="tag"></property>
  <property name="isOptional">false</property>
</record>
<record>
  <date>2019-10-31T14:47:23</date>
  <millis>1572529643965</millis>
  <sequence>176</sequence>
  <level>START</level>
  <class>com.kms.katalon.core.logging.XmlKeywordLogger</class>
  <method>startKeyword</method>
  <thread>1</thread>
  <message>Start action : callTestCase(findTestCase(\&amp;quot;Dutchie/Open Oregrown from the search results\&amp;quot;), [:], STOP_ON_FAILURE)</message>
  <nestedLevel>1</nestedLevel>
  <property name="startLine">18</property>
  <property name="stepIndex">1</property>
</record>
<record>
  <date>2019-10-31T14:47:23</date>
  <millis>1572529643966</millis>
  <sequence>177</sequence>
  <level>NOT_RUN</level>
  <class>com.kms.katalon.core.logging.XmlKeywordLogger</class>
  <method>logMessage</method>
  <thread>1</thread>
  <message>NOT_RUN: callTestCase(findTestCase(\&amp;quot;Dutchie/Open Oregrown from the search results\&amp;quot;), [:], STOP_ON_FAILURE)</message>
  <nestedLevel>1</nestedLevel>
</record>
<record>
  <date>2019-10-31T14:47:23</date>
  <millis>1572529643966</millis>
  <sequence>178</sequence>
  <level>END</level>
  <class>com.kms.katalon.core.logging.XmlKeywordLogger</class>
  <method>endKeyword</method>
  <thread>1</thread>
  <message>End action : callTestCase(findTestCase(\&amp;quot;Dutchie/Open Oregrown from the search results\&amp;quot;), [:], STOP_ON_FAILURE)</message>
  <nestedLevel>1</nestedLevel>
</record>
<record>
  <date>2019-10-31T14:47:23</date>
  <millis>1572529643966</millis>
  <sequence>179</sequence>
  <level>START</level>
  <class>com.kms.katalon.core.logging.XmlKeywordLogger</class>
  <method>startKeyword</method>
  <thread>1</thread>
  <message>Start action : click(findTestObject(\&amp;quot;Dutchie/Dispensary page/Animal Mints Evans Creek\&amp;quot;))</message>
  <nestedLevel>1</nestedLevel>
  <property name="startLine">20</property>
  <property name="stepIndex">2</property>
</record>
<record>
  <date>2019-10-31T14:48:10</date>
  <millis>1572529690130</millis>
  <sequence>185</sequence>
  <level>INFO</level>
  <class>com.kms.katalon.core.logging.XmlKeywordLogger</class>
  <method>logMessage</method>
  <thread>1</thread>
  <message>Unable to find the element located by &amp;apos;By.xpath: //*[text()=\&amp;quot;Animal Mints | Evan&amp;apos;s Creek\&amp;quot;]&amp;apos;. Please recheck the objects properties to make sure the desired element is located. </message>
  <nestedLevel>1</nestedLevel>
</record>
<record>
  <date>2019-10-31T14:48:10</date>
  <millis>1572529690500</millis>
  <sequence>189</sequence>
  <level>FAILED</level>
  <class>com.kms.katalon.core.logging.XmlKeywordLogger</class>
  <method>logMessage</method>
  <thread>1</thread>
  <message>Unable to click on object &amp;apos;Object Repository/Dutchie/Dispensary page/Animal Mints Evans Creek&amp;apos; (Root cause: com.kms.katalon.core.exception.StepFailedException: Unable to click on object &amp;apos;Object Repository/Dutchie/Dispensary page/Animal Mints Evans Creek&amp;apos;\r\n\tat com.kms.katalon.core.webui.keyword.internal.WebUIKeywordMain.stepFailed(WebUIKeywordMain.groovy:64)\r\n\tat com.kms.katalon.core.webui.keyword.internal.WebUIKeywordMain.runKeyword(WebUIKeywordMain.groovy:26)\r\n\tat com.kms.katalon.core.webui.keyword.builtin.ClickKeyword.click(ClickKeyword.groovy:79)\r\n\tat com.kms.katalon.core.webui.keyword.builtin.ClickKeyword.execute(ClickKeyword.groovy:42)\r\n\tat com.kms.katalon.core.keyword.internal.KeywordExecutor.executeKeywordForPlatform(KeywordExecutor.groovy:60)\r\n\tat com.kms.katalon.core.webui.keyword.WebUiBuiltInKeywords.click(WebUiBuiltInKeywords.groovy:616)\r\n\tat com.kms.katalon.core.webui.keyword.WebUiBuiltInKeywords$click$2.call(Unknown Source)\r\n\tat Change weight of item before adding it to the cart.run(Change weight of item before adding it to the cart:20)\r\n\tat com.kms.katalon.core.main.ScriptEngine.run(ScriptEngine.java:194)\r\n\tat com.kms.katalon.core.main.ScriptEngine.runScriptAsRawText(ScriptEngine.java:119)\r\n\tat com.kms.katalon.core.main.TestCaseExecutor.runScript(TestCaseExecutor.java:337)\r\n\tat com.kms.katalon.core.main.TestCaseExecutor.doExecute(TestCaseExecutor.java:328)\r\n\tat com.kms.katalon.core.main.TestCaseExecutor.processExecutionPhase(TestCaseExecutor.java:307)\r\n\tat com.kms.katalon.core.main.TestCaseExecutor.accessMainPhase(TestCaseExecutor.java:299)\r\n\tat com.kms.katalon.core.main.TestCaseExecutor.execute(TestCaseExecutor.java:233)\r\n\tat com.kms.katalon.core.main.TestSuiteExecutor.accessTestCaseMainPhase(TestSuiteExecutor.java:169)\r\n\tat com.kms.katalon.core.main.TestSuiteExecutor.accessTestSuiteMainPhase(TestSuiteExecutor.java:142)\r\n\tat com.kms.katalon.core.main.TestSuiteExecutor.execute(TestSuiteExecutor.java:91)\r\n\tat com.kms.katalon.core.main.TestCaseMain.startTestSuite(TestCaseMain.java:157)\r\n\tat com.kms.katalon.core.main.TestCaseMain$startTestSuite$0.call(Unknown Source)\r\n\tat TempTestSuite1572529616467.run(TempTestSuite1572529616467.groovy:36)\r\nCaused by: com.kms.katalon.core.webui.exception.WebElementNotFoundException: Web element with id: &amp;apos;Object Repository/Dutchie/Dispensary page/Animal Mints Evans Creek&amp;apos; located by &amp;apos;By.xpath: //*[text()=\&amp;quot;Animal Mints | Evan&amp;apos;s Creek\&amp;quot;]&amp;apos; not found\r\n\tat com.kms.katalon.core.webui.common.WebUiCommonHelper.findWebElement(WebUiCommonHelper.java:1113)\r\n\tat com.kms.katalon.core.webui.keyword.internal.WebUIAbstractKeyword.findWebElement(WebUIAbstractKeyword.groovy:27)\r\n\tat com.kms.katalon.core.webui.keyword.internal.WebUIAbstractKeyword.findWebElement(WebUIAbstractKeyword.groovy:26)\r\n\tat com.kms.katalon.core.webui.keyword.builtin.ClickKeyword$_click_closure1.doCall(ClickKeyword.groovy:52)\r\n\tat com.kms.katalon.core.webui.keyword.builtin.ClickKeyword$_click_closure1.call(ClickKeyword.groovy)\r\n\tat com.kms.katalon.core.webui.keyword.internal.WebUIKeywordMain.runKeyword(WebUIKeywordMain.groovy:20)\r\n\tat com.kms.katalon.core.webui.keyword.builtin.ClickKeyword.click(ClickKeyword.groovy:79)\r\n\tat com.kms.katalon.core.webui.keyword.builtin.ClickKeyword.execute(ClickKeyword.groovy:42)\r\n\tat com.kms.katalon.core.keyword.internal.KeywordExecutor.executeKeywordForPlatform(KeywordExecutor.groovy:60)\r\n\tat com.kms.katalon.core.webui.keyword.WebUiBuiltInKeywords.click(WebUiBuiltInKeywords.groovy:616)\r\n\tat com.kms.katalon.core.webui.keyword.WebUiBuiltInKeywords$click$2.call(Unknown Source)\r\n\tat Script1572524237395.run(Script1572524237395.groovy:20)\r\n\t... 13 more\r\n)</message>
  <nestedLevel>1</nestedLevel>
  <property name="failed.exception.class">com.kms.katalon.core.webui.exception.WebElementNotFoundException</property>
  <property name="attachment">1572529690134.png</property>
  <property name="failed.exception.stacktrace">com.kms.katalon.core.webui.exception.WebElementNotFoundException: Web element with id: &apos;Object Repository/Dutchie/Dispensary page/Animal Mints Evans Creek&apos; located by &apos;By.xpath: //*[text()=\&quot;Animal Mints | Evan&apos;s Creek\&quot;]&apos; not found\r\n\tat com.kms.katalon.core.webui.common.WebUiCommonHelper.findWebElement(WebUiCommonHelper.java:1113)\r\n\tat com.kms.katalon.core.webui.keyword.internal.WebUIAbstractKeyword.findWebElement(WebUIAbstractKeyword.groovy:27)\r\n\tat com.kms.katalon.core.webui.keyword.internal.WebUIAbstractKeyword.findWebElement(WebUIAbstractKeyword.groovy:26)\r\n\tat com.kms.katalon.core.webui.keyword.builtin.ClickKeyword$_click_closure1.doCall(ClickKeyword.groovy:52)\r\n\tat com.kms.katalon.core.webui.keyword.builtin.ClickKeyword$_click_closure1.call(ClickKeyword.groovy)\r\n\tat com.kms.katalon.core.webui.keyword.internal.WebUIKeywordMain.runKeyword(WebUIKeywordMain.groovy:20)\r\n\tat com.kms.katalon.core.webui.keyword.builtin.ClickKeyword.click(ClickKeyword.groovy:79)\r\n\tat com.kms.katalon.core.webui.keyword.builtin.ClickKeyword.execute(ClickKeyword.groovy:42)\r\n\tat com.kms.katalon.core.keyword.internal.KeywordExecutor.executeKeywordForPlatform(KeywordExecutor.groovy:60)\r\n\tat com.kms.katalon.core.webui.keyword.WebUiBuiltInKeywords.click(WebUiBuiltInKeywords.groovy:616)\r\n\tat com.kms.katalon.core.webui.keyword.WebUiBuiltInKeywords$click$2.call(Unknown Source)\r\n\tat Change weight of item before adding it to the cart.run(Change weight of item before adding it to the cart:20)\r\n\tat com.kms.katalon.core.main.ScriptEngine.run(ScriptEngine.java:194)\r\n\tat com.kms.katalon.core.main.ScriptEngine.runScriptAsRawText(ScriptEngine.java:119)\r\n\tat com.kms.katalon.core.main.TestCaseExecutor.runScript(TestCaseExecutor.java:337)\r\n\tat com.kms.katalon.core.main.TestCaseExecutor.doExecute(TestCaseExecutor.java:328)\r\n\tat com.kms.katalon.core.main.TestCaseExecutor.processExecutionPhase(TestCaseExecutor.java:307)\r\n\tat com.kms.katalon.core.main.TestCaseExecutor.accessMainPhase(TestCaseExecutor.java:299)\r\n\tat com.kms.katalon.core.main.TestCaseExecutor.execute(TestCaseExecutor.java:233)\r\n\tat com.kms.katalon.core.main.TestSuiteExecutor.accessTestCaseMainPhase(TestSuiteExecutor.java:169)\r\n\tat com.kms.katalon.core.main.TestSuiteExecutor.accessTestSuiteMainPhase(TestSuiteExecutor.java:142)\r\n\tat com.kms.katalon.core.main.TestSuiteExecutor.execute(TestSuiteExecutor.java:91)\r\n\tat com.kms.katalon.core.main.TestCaseMain.startTestSuite(TestCaseMain.java:157)\r\n\tat com.kms.katalon.core.main.TestCaseMain$startTestSuite$0.call(Unknown Source)\r\n\tat TempTestSuite1572529616467.run(TempTestSuite1572529616467.groovy:36)\r\n</property>
  <property name="failed.exception.message">Web element with id: &apos;Object Repository/Dutchie/Dispensary page/Animal Mints Evans Creek&apos; located by &apos;By.xpath: //*[text()=\&quot;Animal Mints | Evan&apos;s Creek\&quot;]&apos; not found</property>
</record>
<record>
  <date>2019-10-31T14:48:10</date>
  <millis>1572529690502</millis>
  <sequence>190</sequence>
  <level>END</level>
  <class>com.kms.katalon.core.logging.XmlKeywordLogger</class>
  <method>endKeyword</method>
  <thread>1</thread>
  <message>End action : click(findTestObject(\&amp;quot;Dutchie/Dispensary page/Animal Mints Evans Creek\&amp;quot;))</message>
  <nestedLevel>1</nestedLevel>
</record>
<record>
  <date>2019-10-31T14:48:10</date>
  <millis>1572529690502</millis>
  <sequence>193</sequence>
  <level>FAILED</level>
  <class>com.kms.katalon.core.logging.XmlKeywordLogger</class>
  <method>logMessage</method>
  <thread>1</thread>
  <message>Test Cases/Dutchie/Change weight of item before adding it to the cart FAILED.\nReason:\ncom.kms.katalon.core.exception.StepFailedException: Unable to click on object &amp;apos;Object Repository/Dutchie/Dispensary page/Animal Mints Evans Creek&amp;apos;\r\n\tat com.kms.katalon.core.webui.keyword.internal.WebUIKeywordMain.stepFailed(WebUIKeywordMain.groovy:64)\r\n\tat com.kms.katalon.core.webui.keyword.internal.WebUIKeywordMain.runKeyword(WebUIKeywordMain.groovy:26)\r\n\tat com.kms.katalon.core.webui.keyword.builtin.ClickKeyword.click(ClickKeyword.groovy:79)\r\n\tat com.kms.katalon.core.webui.keyword.builtin.ClickKeyword.execute(ClickKeyword.groovy:42)\r\n\tat com.kms.katalon.core.keyword.internal.KeywordExecutor.executeKeywordForPlatform(KeywordExecutor.groovy:60)\r\n\tat com.kms.katalon.core.webui.keyword.WebUiBuiltInKeywords.click(WebUiBuiltInKeywords.groovy:616)\r\n\tat com.kms.katalon.core.webui.keyword.WebUiBuiltInKeywords$click$2.call(Unknown Source)\r\n\tat Change weight of item before adding it to the cart.run(Change weight of item before adding it to the cart:20)\r\n\tat com.kms.katalon.core.main.ScriptEngine.run(ScriptEngine.java:194)\r\n\tat com.kms.katalon.core.main.ScriptEngine.runScriptAsRawText(ScriptEngine.java:119)\r\n\tat com.kms.katalon.core.main.TestCaseExecutor.runScript(TestCaseExecutor.java:337)\r\n\tat com.kms.katalon.core.main.TestCaseExecutor.doExecute(TestCaseExecutor.java:328)\r\n\tat com.kms.katalon.core.main.TestCaseExecutor.processExecutionPhase(TestCaseExecutor.java:307)\r\n\tat com.kms.katalon.core.main.TestCaseExecutor.accessMainPhase(TestCaseExecutor.java:299)\r\n\tat com.kms.katalon.core.main.TestCaseExecutor.execute(TestCaseExecutor.java:233)\r\n\tat com.kms.katalon.core.main.TestSuiteExecutor.accessTestCaseMainPhase(TestSuiteExecutor.java:169)\r\n\tat com.kms.katalon.core.main.TestSuiteExecutor.accessTestSuiteMainPhase(TestSuiteExecutor.java:142)\r\n\tat com.kms.katalon.core.main.TestSuiteExecutor.execute(TestSuiteExecutor.java:91)\r\n\tat com.kms.katalon.core.main.TestCaseMain.startTestSuite(TestCaseMain.java:157)\r\n\tat com.kms.katalon.core.main.TestCaseMain$startTestSuite$0.call(Unknown Source)\r\n\tat TempTestSuite1572529616467.run(TempTestSuite1572529616467.groovy:36)\r\nCaused by: com.kms.katalon.core.webui.exception.WebElementNotFoundException: Web element with id: &amp;apos;Object Repository/Dutchie/Dispensary page/Animal Mints Evans Creek&amp;apos; located by &amp;apos;By.xpath: //*[text()=\&amp;quot;Animal Mints | Evan&amp;apos;s Creek\&amp;quot;]&amp;apos; not found\r\n\tat com.kms.katalon.core.webui.common.WebUiCommonHelper.findWebElement(WebUiCommonHelper.java:1113)\r\n\tat com.kms.katalon.core.webui.keyword.internal.WebUIAbstractKeyword.findWebElement(WebUIAbstractKeyword.groovy:27)\r\n\tat com.kms.katalon.core.webui.keyword.internal.WebUIAbstractKeyword.findWebElement(WebUIAbstractKeyword.groovy:26)\r\n\tat com.kms.katalon.core.webui.keyword.builtin.ClickKeyword$_click_closure1.doCall(ClickKeyword.groovy:52)\r\n\tat com.kms.katalon.core.webui.keyword.builtin.ClickKeyword$_click_closure1.call(ClickKeyword.groovy)\r\n\tat com.kms.katalon.core.webui.keyword.internal.WebUIKeywordMain.runKeyword(WebUIKeywordMain.groovy:20)\r\n\t... 19 more\r\n</message>
  <exception>
    <message>com.kms.katalon.core.exception.StepFailedException: Unable to click on object 'Object Repository/Dutchie/Dispensary page/Animal Mints Evans Creek'</message>
    <frame>
      <class>com.kms.katalon.core.webui.keyword.internal.WebUIKeywordMain</class>
      <method>stepFailed</method>
      <line>64</line>
    </frame>
    <frame>
      <class>com.kms.katalon.core.webui.keyword.internal.WebUIKeywordMain</class>
      <method>runKeyword</method>
      <line>26</line>
    </frame>
    <frame>
      <class>com.kms.katalon.core.webui.keyword.builtin.ClickKeyword</class>
      <method>click</method>
      <line>79</line>
    </frame>
    <frame>
      <class>com.kms.katalon.core.webui.keyword.builtin.ClickKeyword</class>
      <method>execute</method>
      <line>42</line>
    </frame>
    <frame>
      <class>com.kms.katalon.core.keyword.internal.KeywordExecutor</class>
      <method>executeKeywordForPlatform</method>
      <line>60</line>
    </frame>
    <frame>
      <class>com.kms.katalon.core.webui.keyword.WebUiBuiltInKeywords</class>
      <method>click</method>
      <line>616</line>
    </frame>
    <frame>
      <class>com.kms.katalon.core.webui.keyword.WebUiBuiltInKeywords$click$2</class>
      <method>call</method>
    </frame>
    <frame>
      <class>Change weight of item before adding it to the cart</class>
      <method>run</method>
      <line>20</line>
    </frame>
    <frame>
      <class>com.kms.katalon.core.main.ScriptEngine</class>
      <method>run</method>
      <line>194</line>
    </frame>
    <frame>
      <class>com.kms.katalon.core.main.ScriptEngine</class>
      <method>runScriptAsRawText</method>
      <line>119</line>
    </frame>
    <frame>
      <class>com.kms.katalon.core.main.TestCaseExecutor</class>
      <method>runScript</method>
      <line>337</line>
    </frame>
    <frame>
      <class>com.kms.katalon.core.main.TestCaseExecutor</class>
      <method>doExecute</method>
      <line>328</line>
    </frame>
    <frame>
      <class>com.kms.katalon.core.main.TestCaseExecutor</class>
      <method>processExecutionPhase</method>
      <line>307</line>
    </frame>
    <frame>
      <class>com.kms.katalon.core.main.TestCaseExecutor</class>
      <method>accessMainPhase</method>
      <line>299</line>
    </frame>
    <frame>
      <class>com.kms.katalon.core.main.TestCaseExecutor</class>
      <method>execute</method>
      <line>233</line>
    </frame>
    <frame>
      <class>com.kms.katalon.core.main.TestSuiteExecutor</class>
      <method>accessTestCaseMainPhase</method>
      <line>169</line>
    </frame>
    <frame>
      <class>com.kms.katalon.core.main.TestSuiteExecutor</class>
      <method>accessTestSuiteMainPhase</method>
      <line>142</line>
    </frame>
    <frame>
      <class>com.kms.katalon.core.main.TestSuiteExecutor</class>
      <method>execute</method>
      <line>91</line>
    </frame>
    <frame>
      <class>com.kms.katalon.core.main.TestCaseMain</class>
      <method>startTestSuite</method>
      <line>157</line>
    </frame>
    <frame>
      <class>com.kms.katalon.core.main.TestCaseMain$startTestSuite$0</class>
      <method>call</method>
    </frame>
    <frame>
      <class>TempTestSuite1572529616467</class>
      <method>run</method>
      <line>36</line>
    </frame>
  </exception>
  <nestedLevel>0</nestedLevel>
  <property name="failed.exception.stacktrace">com.kms.katalon.core.webui.exception.WebElementNotFoundException: Web element with id: &apos;Object Repository/Dutchie/Dispensary page/Animal Mints Evans Creek&apos; located by &apos;By.xpath: //*[text()=\&quot;Animal Mints | Evan&apos;s Creek\&quot;]&apos; not found\r\n\tat com.kms.katalon.core.webui.common.WebUiCommonHelper.findWebElement(WebUiCommonHelper.java:1113)\r\n\tat com.kms.katalon.core.webui.keyword.internal.WebUIAbstractKeyword.findWebElement(WebUIAbstractKeyword.groovy:27)\r\n\tat com.kms.katalon.core.webui.keyword.internal.WebUIAbstractKeyword.findWebElement(WebUIAbstractKeyword.groovy:26)\r\n\tat com.kms.katalon.core.webui.keyword.builtin.ClickKeyword$_click_closure1.doCall(ClickKeyword.groovy:52)\r\n\tat com.kms.katalon.core.webui.keyword.builtin.ClickKeyword$_click_closure1.call(ClickKeyword.groovy)\r\n\tat com.kms.katalon.core.webui.keyword.internal.WebUIKeywordMain.runKeyword(WebUIKeywordMain.groovy:20)\r\n\tat com.kms.katalon.core.webui.keyword.builtin.ClickKeyword.click(ClickKeyword.groovy:79)\r\n\tat com.kms.katalon.core.webui.keyword.builtin.ClickKeyword.execute(ClickKeyword.groovy:42)\r\n\tat com.kms.katalon.core.keyword.internal.KeywordExecutor.executeKeywordForPlatform(KeywordExecutor.groovy:60)\r\n\tat com.kms.katalon.core.webui.keyword.WebUiBuiltInKeywords.click(WebUiBuiltInKeywords.groovy:616)\r\n\tat com.kms.katalon.core.webui.keyword.WebUiBuiltInKeywords$click$2.call(Unknown Source)\r\n\tat Change weight of item before adding it to the cart.run(Change weight of item before adding it to the cart:20)\r\n\tat com.kms.katalon.core.main.ScriptEngine.run(ScriptEngine.java:194)\r\n\tat com.kms.katalon.core.main.ScriptEngine.runScriptAsRawText(ScriptEngine.java:119)\r\n\tat com.kms.katalon.core.main.TestCaseExecutor.runScript(TestCaseExecutor.java:337)\r\n\tat com.kms.katalon.core.main.TestCaseExecutor.doExecute(TestCaseExecutor.java:328)\r\n\tat com.kms.katalon.core.main.TestCaseExecutor.processExecutionPhase(TestCaseExecutor.java:307)\r\n\tat com.kms.katalon.core.main.TestCaseExecutor.accessMainPhase(TestCaseExecutor.java:299)\r\n\tat com.kms.katalon.core.main.TestCaseExecutor.execute(TestCaseExecutor.java:233)\r\n\tat com.kms.katalon.core.main.TestSuiteExecutor.accessTestCaseMainPhase(TestSuiteExecutor.java:169)\r\n\tat com.kms.katalon.core.main.TestSuiteExecutor.accessTestSuiteMainPhase(TestSuiteExecutor.java:142)\r\n\tat com.kms.katalon.core.main.TestSuiteExecutor.execute(TestSuiteExecutor.java:91)\r\n\tat com.kms.katalon.core.main.TestCaseMain.startTestSuite(TestCaseMain.java:157)\r\n\tat com.kms.katalon.core.main.TestCaseMain$startTestSuite$0.call(Unknown Source)\r\n\tat TempTestSuite1572529616467.run(TempTestSuite1572529616467.groovy:36)\r\n</property>
  <property name="failed.exception.class">com.kms.katalon.core.webui.exception.WebElementNotFoundException</property>
  <property name="failed.exception.message">Web element with id: &apos;Object Repository/Dutchie/Dispensary page/Animal Mints Evans Creek&apos; located by &apos;By.xpath: //*[text()=\&quot;Animal Mints | Evan&apos;s Creek\&quot;]&apos; not found</property>
</record>
<record>
  <date>2019-10-31T14:48:10</date>
  <millis>1572529690505</millis>
  <sequence>195</sequence>
  <level>END</level>
  <class>com.kms.katalon.core.logging.XmlKeywordLogger</class>
  <method>endTest</method>
  <thread>1</thread>
  <message>End Test Case : Test Cases/Dutchie/Change weight of item before adding it to the cart</message>
  <nestedLevel>0</nestedLevel>
</record>
<record>
  <date>2019-10-31T14:48:10</date>
  <millis>1572529690513</millis>
  <sequence>196</sequence>
  <level>START</level>
  <class>com.kms.katalon.core.logging.XmlKeywordLogger</class>
  <method>startTest</method>
  <thread>1</thread>
  <message>Start Test Case : Test Cases/Dutchie/Remove item from basket</message>
  <nestedLevel>1</nestedLevel>
  <property name="name">Test Cases/Dutchie/Remove item from basket</property>
  <property name="description"></property>
  <property name="id">Test Cases/Dutchie/Remove item from basket</property>
  <property name="source">C:\\Users\\Bojana-PC\\git\\Katalon_studio\\Test Cases\\Dutchie\\Remove item from basket.tc</property>
  <property name="tag"></property>
  <property name="isOptional">false</property>
</record>
<record>
  <date>2019-10-31T14:48:10</date>
  <millis>1572529690709</millis>
  <sequence>198</sequence>
  <level>START</level>
  <class>com.kms.katalon.core.logging.XmlKeywordLogger</class>
  <method>startKeyword</method>
  <thread>1</thread>
  <message>Start action : callTestCase(findTestCase(\&amp;quot;Dutchie/Change weight of item before adding it to the cart\&amp;quot;), [:], STOP_ON_FAILURE)</message>
  <nestedLevel>1</nestedLevel>
  <property name="startLine">18</property>
  <property name="stepIndex">1</property>
</record>
<record>
  <date>2019-10-31T14:48:10</date>
  <millis>1572529690709</millis>
  <sequence>199</sequence>
  <level>NOT_RUN</level>
  <class>com.kms.katalon.core.logging.XmlKeywordLogger</class>
  <method>logMessage</method>
  <thread>1</thread>
  <message>NOT_RUN: callTestCase(findTestCase(\&amp;quot;Dutchie/Change weight of item before adding it to the cart\&amp;quot;), [:], STOP_ON_FAILURE)</message>
  <nestedLevel>1</nestedLevel>
</record>
<record>
  <date>2019-10-31T14:48:10</date>
  <millis>1572529690710</millis>
  <sequence>200</sequence>
  <level>END</level>
  <class>com.kms.katalon.core.logging.XmlKeywordLogger</class>
  <method>endKeyword</method>
  <thread>1</thread>
  <message>End action : callTestCase(findTestCase(\&amp;quot;Dutchie/Change weight of item before adding it to the cart\&amp;quot;), [:], STOP_ON_FAILURE)</message>
  <nestedLevel>1</nestedLevel>
</record>
<record>
  <date>2019-10-31T14:48:10</date>
  <millis>1572529690710</millis>
  <sequence>201</sequence>
  <level>START</level>
  <class>com.kms.katalon.core.logging.XmlKeywordLogger</class>
  <method>startKeyword</method>
  <thread>1</thread>
  <message>Start action : click(findTestObject(\&amp;quot;Dutchie/Dispensary page/BasketContent\&amp;quot;))</message>
  <nestedLevel>1</nestedLevel>
  <property name="startLine">21</property>
  <property name="stepIndex">2</property>
</record>
<record>
  <date>2019-10-31T14:48:55</date>
  <millis>1572529735975</millis>
  <sequence>207</sequence>
  <level>INFO</level>
  <class>com.kms.katalon.core.logging.XmlKeywordLogger</class>
  <method>logMessage</method>
  <thread>1</thread>
  <message>Unable to find the element located by &amp;apos;By.xpath: //div[@class=&amp;apos;icon__Container-twqf3o-0 mNrgr&amp;apos;]&amp;apos;. Please recheck the objects properties to make sure the desired element is located. </message>
  <nestedLevel>1</nestedLevel>
</record>
<record>
  <date>2019-10-31T14:48:56</date>
  <millis>1572529736356</millis>
  <sequence>211</sequence>
  <level>FAILED</level>
  <class>com.kms.katalon.core.logging.XmlKeywordLogger</class>
  <method>logMessage</method>
  <thread>1</thread>
  <message>Unable to click on object &amp;apos;Object Repository/Dutchie/Dispensary page/BasketContent&amp;apos; (Root cause: com.kms.katalon.core.exception.StepFailedException: Unable to click on object &amp;apos;Object Repository/Dutchie/Dispensary page/BasketContent&amp;apos;\r\n\tat com.kms.katalon.core.webui.keyword.internal.WebUIKeywordMain.stepFailed(WebUIKeywordMain.groovy:64)\r\n\tat com.kms.katalon.core.webui.keyword.internal.WebUIKeywordMain.runKeyword(WebUIKeywordMain.groovy:26)\r\n\tat com.kms.katalon.core.webui.keyword.builtin.ClickKeyword.click(ClickKeyword.groovy:79)\r\n\tat com.kms.katalon.core.webui.keyword.builtin.ClickKeyword.execute(ClickKeyword.groovy:42)\r\n\tat com.kms.katalon.core.keyword.internal.KeywordExecutor.executeKeywordForPlatform(KeywordExecutor.groovy:60)\r\n\tat com.kms.katalon.core.webui.keyword.WebUiBuiltInKeywords.click(WebUiBuiltInKeywords.groovy:616)\r\n\tat com.kms.katalon.core.webui.keyword.WebUiBuiltInKeywords$click$2.call(Unknown Source)\r\n\tat Remove item from basket.run(Remove item from basket:21)\r\n\tat com.kms.katalon.core.main.ScriptEngine.run(ScriptEngine.java:194)\r\n\tat com.kms.katalon.core.main.ScriptEngine.runScriptAsRawText(ScriptEngine.java:119)\r\n\tat com.kms.katalon.core.main.TestCaseExecutor.runScript(TestCaseExecutor.java:337)\r\n\tat com.kms.katalon.core.main.TestCaseExecutor.doExecute(TestCaseExecutor.java:328)\r\n\tat com.kms.katalon.core.main.TestCaseExecutor.processExecutionPhase(TestCaseExecutor.java:307)\r\n\tat com.kms.katalon.core.main.TestCaseExecutor.accessMainPhase(TestCaseExecutor.java:299)\r\n\tat com.kms.katalon.core.main.TestCaseExecutor.execute(TestCaseExecutor.java:233)\r\n\tat com.kms.katalon.core.main.TestSuiteExecutor.accessTestCaseMainPhase(TestSuiteExecutor.java:169)\r\n\tat com.kms.katalon.core.main.TestSuiteExecutor.accessTestSuiteMainPhase(TestSuiteExecutor.java:142)\r\n\tat com.kms.katalon.core.main.TestSuiteExecutor.execute(TestSuiteExecutor.java:91)\r\n\tat com.kms.katalon.core.main.TestCaseMain.startTestSuite(TestCaseMain.java:157)\r\n\tat com.kms.katalon.core.main.TestCaseMain$startTestSuite$0.call(Unknown Source)\r\n\tat TempTestSuite1572529616467.run(TempTestSuite1572529616467.groovy:36)\r\nCaused by: com.kms.katalon.core.webui.exception.WebElementNotFoundException: Web element with id: &amp;apos;Object Repository/Dutchie/Dispensary page/BasketContent&amp;apos; located by &amp;apos;By.xpath: //div[@class=&amp;apos;icon__Container-twqf3o-0 mNrgr&amp;apos;]&amp;apos; not found\r\n\tat com.kms.katalon.core.webui.common.WebUiCommonHelper.findWebElement(WebUiCommonHelper.java:1113)\r\n\tat com.kms.katalon.core.webui.keyword.internal.WebUIAbstractKeyword.findWebElement(WebUIAbstractKeyword.groovy:27)\r\n\tat com.kms.katalon.core.webui.keyword.internal.WebUIAbstractKeyword.findWebElement(WebUIAbstractKeyword.groovy:26)\r\n\tat com.kms.katalon.core.webui.keyword.builtin.ClickKeyword$_click_closure1.doCall(ClickKeyword.groovy:52)\r\n\tat com.kms.katalon.core.webui.keyword.builtin.ClickKeyword$_click_closure1.call(ClickKeyword.groovy)\r\n\tat com.kms.katalon.core.webui.keyword.internal.WebUIKeywordMain.runKeyword(WebUIKeywordMain.groovy:20)\r\n\tat com.kms.katalon.core.webui.keyword.builtin.ClickKeyword.click(ClickKeyword.groovy:79)\r\n\tat com.kms.katalon.core.webui.keyword.builtin.ClickKeyword.execute(ClickKeyword.groovy:42)\r\n\tat com.kms.katalon.core.keyword.internal.KeywordExecutor.executeKeywordForPlatform(KeywordExecutor.groovy:60)\r\n\tat com.kms.katalon.core.webui.keyword.WebUiBuiltInKeywords.click(WebUiBuiltInKeywords.groovy:616)\r\n\tat com.kms.katalon.core.webui.keyword.WebUiBuiltInKeywords$click$2.call(Unknown Source)\r\n\tat Script1572524181712.run(Script1572524181712.groovy:21)\r\n\t... 13 more\r\n)</message>
  <nestedLevel>1</nestedLevel>
  <property name="failed.exception.class">com.kms.katalon.core.webui.exception.WebElementNotFoundException</property>
  <property name="attachment">1572529735976.png</property>
  <property name="failed.exception.stacktrace">com.kms.katalon.core.webui.exception.WebElementNotFoundException: Web element with id: &apos;Object Repository/Dutchie/Dispensary page/BasketContent&apos; located by &apos;By.xpath: //div[@class=&apos;icon__Container-twqf3o-0 mNrgr&apos;]&apos; not found\r\n\tat com.kms.katalon.core.webui.common.WebUiCommonHelper.findWebElement(WebUiCommonHelper.java:1113)\r\n\tat com.kms.katalon.core.webui.keyword.internal.WebUIAbstractKeyword.findWebElement(WebUIAbstractKeyword.groovy:27)\r\n\tat com.kms.katalon.core.webui.keyword.internal.WebUIAbstractKeyword.findWebElement(WebUIAbstractKeyword.groovy:26)\r\n\tat com.kms.katalon.core.webui.keyword.builtin.ClickKeyword$_click_closure1.doCall(ClickKeyword.groovy:52)\r\n\tat com.kms.katalon.core.webui.keyword.builtin.ClickKeyword$_click_closure1.call(ClickKeyword.groovy)\r\n\tat com.kms.katalon.core.webui.keyword.internal.WebUIKeywordMain.runKeyword(WebUIKeywordMain.groovy:20)\r\n\tat com.kms.katalon.core.webui.keyword.builtin.ClickKeyword.click(ClickKeyword.groovy:79)\r\n\tat com.kms.katalon.core.webui.keyword.builtin.ClickKeyword.execute(ClickKeyword.groovy:42)\r\n\tat com.kms.katalon.core.keyword.internal.KeywordExecutor.executeKeywordForPlatform(KeywordExecutor.groovy:60)\r\n\tat com.kms.katalon.core.webui.keyword.WebUiBuiltInKeywords.click(WebUiBuiltInKeywords.groovy:616)\r\n\tat com.kms.katalon.core.webui.keyword.WebUiBuiltInKeywords$click$2.call(Unknown Source)\r\n\tat Remove item from basket.run(Remove item from basket:21)\r\n\tat com.kms.katalon.core.main.ScriptEngine.run(ScriptEngine.java:194)\r\n\tat com.kms.katalon.core.main.ScriptEngine.runScriptAsRawText(ScriptEngine.java:119)\r\n\tat com.kms.katalon.core.main.TestCaseExecutor.runScript(TestCaseExecutor.java:337)\r\n\tat com.kms.katalon.core.main.TestCaseExecutor.doExecute(TestCaseExecutor.java:328)\r\n\tat com.kms.katalon.core.main.TestCaseExecutor.processExecutionPhase(TestCaseExecutor.java:307)\r\n\tat com.kms.katalon.core.main.TestCaseExecutor.accessMainPhase(TestCaseExecutor.java:299)\r\n\tat com.kms.katalon.core.main.TestCaseExecutor.execute(TestCaseExecutor.java:233)\r\n\tat com.kms.katalon.core.main.TestSuiteExecutor.accessTestCaseMainPhase(TestSuiteExecutor.java:169)\r\n\tat com.kms.katalon.core.main.TestSuiteExecutor.accessTestSuiteMainPhase(TestSuiteExecutor.java:142)\r\n\tat com.kms.katalon.core.main.TestSuiteExecutor.execute(TestSuiteExecutor.java:91)\r\n\tat com.kms.katalon.core.main.TestCaseMain.startTestSuite(TestCaseMain.java:157)\r\n\tat com.kms.katalon.core.main.TestCaseMain$startTestSuite$0.call(Unknown Source)\r\n\tat TempTestSuite1572529616467.run(TempTestSuite1572529616467.groovy:36)\r\n</property>
  <property name="failed.exception.message">Web element with id: &apos;Object Repository/Dutchie/Dispensary page/BasketContent&apos; located by &apos;By.xpath: //div[@class=&apos;icon__Container-twqf3o-0 mNrgr&apos;]&apos; not found</property>
</record>
<record>
  <date>2019-10-31T14:48:56</date>
  <millis>1572529736357</millis>
  <sequence>212</sequence>
  <level>END</level>
  <class>com.kms.katalon.core.logging.XmlKeywordLogger</class>
  <method>endKeyword</method>
  <thread>1</thread>
  <message>End action : click(findTestObject(\&amp;quot;Dutchie/Dispensary page/BasketContent\&amp;quot;))</message>
  <nestedLevel>1</nestedLevel>
</record>
<record>
  <date>2019-10-31T14:48:56</date>
  <millis>1572529736357</millis>
  <sequence>215</sequence>
  <level>FAILED</level>
  <class>com.kms.katalon.core.logging.XmlKeywordLogger</class>
  <method>logMessage</method>
  <thread>1</thread>
  <message>Test Cases/Dutchie/Remove item from basket FAILED.\nReason:\ncom.kms.katalon.core.exception.StepFailedException: Unable to click on object &amp;apos;Object Repository/Dutchie/Dispensary page/BasketContent&amp;apos;\r\n\tat com.kms.katalon.core.webui.keyword.internal.WebUIKeywordMain.stepFailed(WebUIKeywordMain.groovy:64)\r\n\tat com.kms.katalon.core.webui.keyword.internal.WebUIKeywordMain.runKeyword(WebUIKeywordMain.groovy:26)\r\n\tat com.kms.katalon.core.webui.keyword.builtin.ClickKeyword.click(ClickKeyword.groovy:79)\r\n\tat com.kms.katalon.core.webui.keyword.builtin.ClickKeyword.execute(ClickKeyword.groovy:42)\r\n\tat com.kms.katalon.core.keyword.internal.KeywordExecutor.executeKeywordForPlatform(KeywordExecutor.groovy:60)\r\n\tat com.kms.katalon.core.webui.keyword.WebUiBuiltInKeywords.click(WebUiBuiltInKeywords.groovy:616)\r\n\tat com.kms.katalon.core.webui.keyword.WebUiBuiltInKeywords$click$2.call(Unknown Source)\r\n\tat Remove item from basket.run(Remove item from basket:21)\r\n\tat com.kms.katalon.core.main.ScriptEngine.run(ScriptEngine.java:194)\r\n\tat com.kms.katalon.core.main.ScriptEngine.runScriptAsRawText(ScriptEngine.java:119)\r\n\tat com.kms.katalon.core.main.TestCaseExecutor.runScript(TestCaseExecutor.java:337)\r\n\tat com.kms.katalon.core.main.TestCaseExecutor.doExecute(TestCaseExecutor.java:328)\r\n\tat com.kms.katalon.core.main.TestCaseExecutor.processExecutionPhase(TestCaseExecutor.java:307)\r\n\tat com.kms.katalon.core.main.TestCaseExecutor.accessMainPhase(TestCaseExecutor.java:299)\r\n\tat com.kms.katalon.core.main.TestCaseExecutor.execute(TestCaseExecutor.java:233)\r\n\tat com.kms.katalon.core.main.TestSuiteExecutor.accessTestCaseMainPhase(TestSuiteExecutor.java:169)\r\n\tat com.kms.katalon.core.main.TestSuiteExecutor.accessTestSuiteMainPhase(TestSuiteExecutor.java:142)\r\n\tat com.kms.katalon.core.main.TestSuiteExecutor.execute(TestSuiteExecutor.java:91)\r\n\tat com.kms.katalon.core.main.TestCaseMain.startTestSuite(TestCaseMain.java:157)\r\n\tat com.kms.katalon.core.main.TestCaseMain$startTestSuite$0.call(Unknown Source)\r\n\tat TempTestSuite1572529616467.run(TempTestSuite1572529616467.groovy:36)\r\nCaused by: com.kms.katalon.core.webui.exception.WebElementNotFoundException: Web element with id: &amp;apos;Object Repository/Dutchie/Dispensary page/BasketContent&amp;apos; located by &amp;apos;By.xpath: //div[@class=&amp;apos;icon__Container-twqf3o-0 mNrgr&amp;apos;]&amp;apos; not found\r\n\tat com.kms.katalon.core.webui.common.WebUiCommonHelper.findWebElement(WebUiCommonHelper.java:1113)\r\n\tat com.kms.katalon.core.webui.keyword.internal.WebUIAbstractKeyword.findWebElement(WebUIAbstractKeyword.groovy:27)\r\n\tat com.kms.katalon.core.webui.keyword.internal.WebUIAbstractKeyword.findWebElement(WebUIAbstractKeyword.groovy:26)\r\n\tat com.kms.katalon.core.webui.keyword.builtin.ClickKeyword$_click_closure1.doCall(ClickKeyword.groovy:52)\r\n\tat com.kms.katalon.core.webui.keyword.builtin.ClickKeyword$_click_closure1.call(ClickKeyword.groovy)\r\n\tat com.kms.katalon.core.webui.keyword.internal.WebUIKeywordMain.runKeyword(WebUIKeywordMain.groovy:20)\r\n\t... 19 more\r\n</message>
  <exception>
    <message>com.kms.katalon.core.exception.StepFailedException: Unable to click on object 'Object Repository/Dutchie/Dispensary page/BasketContent'</message>
    <frame>
      <class>com.kms.katalon.core.webui.keyword.internal.WebUIKeywordMain</class>
      <method>stepFailed</method>
      <line>64</line>
    </frame>
    <frame>
      <class>com.kms.katalon.core.webui.keyword.internal.WebUIKeywordMain</class>
      <method>runKeyword</method>
      <line>26</line>
    </frame>
    <frame>
      <class>com.kms.katalon.core.webui.keyword.builtin.ClickKeyword</class>
      <method>click</method>
      <line>79</line>
    </frame>
    <frame>
      <class>com.kms.katalon.core.webui.keyword.builtin.ClickKeyword</class>
      <method>execute</method>
      <line>42</line>
    </frame>
    <frame>
      <class>com.kms.katalon.core.keyword.internal.KeywordExecutor</class>
      <method>executeKeywordForPlatform</method>
      <line>60</line>
    </frame>
    <frame>
      <class>com.kms.katalon.core.webui.keyword.WebUiBuiltInKeywords</class>
      <method>click</method>
      <line>616</line>
    </frame>
    <frame>
      <class>com.kms.katalon.core.webui.keyword.WebUiBuiltInKeywords$click$2</class>
      <method>call</method>
    </frame>
    <frame>
      <class>Remove item from basket</class>
      <method>run</method>
      <line>21</line>
    </frame>
    <frame>
      <class>com.kms.katalon.core.main.ScriptEngine</class>
      <method>run</method>
      <line>194</line>
    </frame>
    <frame>
      <class>com.kms.katalon.core.main.ScriptEngine</class>
      <method>runScriptAsRawText</method>
      <line>119</line>
    </frame>
    <frame>
      <class>com.kms.katalon.core.main.TestCaseExecutor</class>
      <method>runScript</method>
      <line>337</line>
    </frame>
    <frame>
      <class>com.kms.katalon.core.main.TestCaseExecutor</class>
      <method>doExecute</method>
      <line>328</line>
    </frame>
    <frame>
      <class>com.kms.katalon.core.main.TestCaseExecutor</class>
      <method>processExecutionPhase</method>
      <line>307</line>
    </frame>
    <frame>
      <class>com.kms.katalon.core.main.TestCaseExecutor</class>
      <method>accessMainPhase</method>
      <line>299</line>
    </frame>
    <frame>
      <class>com.kms.katalon.core.main.TestCaseExecutor</class>
      <method>execute</method>
      <line>233</line>
    </frame>
    <frame>
      <class>com.kms.katalon.core.main.TestSuiteExecutor</class>
      <method>accessTestCaseMainPhase</method>
      <line>169</line>
    </frame>
    <frame>
      <class>com.kms.katalon.core.main.TestSuiteExecutor</class>
      <method>accessTestSuiteMainPhase</method>
      <line>142</line>
    </frame>
    <frame>
      <class>com.kms.katalon.core.main.TestSuiteExecutor</class>
      <method>execute</method>
      <line>91</line>
    </frame>
    <frame>
      <class>com.kms.katalon.core.main.TestCaseMain</class>
      <method>startTestSuite</method>
      <line>157</line>
    </frame>
    <frame>
      <class>com.kms.katalon.core.main.TestCaseMain$startTestSuite$0</class>
      <method>call</method>
    </frame>
    <frame>
      <class>TempTestSuite1572529616467</class>
      <method>run</method>
      <line>36</line>
    </frame>
  </exception>
  <nestedLevel>0</nestedLevel>
  <property name="failed.exception.stacktrace">com.kms.katalon.core.webui.exception.WebElementNotFoundException: Web element with id: &apos;Object Repository/Dutchie/Dispensary page/BasketContent&apos; located by &apos;By.xpath: //div[@class=&apos;icon__Container-twqf3o-0 mNrgr&apos;]&apos; not found\r\n\tat com.kms.katalon.core.webui.common.WebUiCommonHelper.findWebElement(WebUiCommonHelper.java:1113)\r\n\tat com.kms.katalon.core.webui.keyword.internal.WebUIAbstractKeyword.findWebElement(WebUIAbstractKeyword.groovy:27)\r\n\tat com.kms.katalon.core.webui.keyword.internal.WebUIAbstractKeyword.findWebElement(WebUIAbstractKeyword.groovy:26)\r\n\tat com.kms.katalon.core.webui.keyword.builtin.ClickKeyword$_click_closure1.doCall(ClickKeyword.groovy:52)\r\n\tat com.kms.katalon.core.webui.keyword.builtin.ClickKeyword$_click_closure1.call(ClickKeyword.groovy)\r\n\tat com.kms.katalon.core.webui.keyword.internal.WebUIKeywordMain.runKeyword(WebUIKeywordMain.groovy:20)\r\n\tat com.kms.katalon.core.webui.keyword.builtin.ClickKeyword.click(ClickKeyword.groovy:79)\r\n\tat com.kms.katalon.core.webui.keyword.builtin.ClickKeyword.execute(ClickKeyword.groovy:42)\r\n\tat com.kms.katalon.core.keyword.internal.KeywordExecutor.executeKeywordForPlatform(KeywordExecutor.groovy:60)\r\n\tat com.kms.katalon.core.webui.keyword.WebUiBuiltInKeywords.click(WebUiBuiltInKeywords.groovy:616)\r\n\tat com.kms.katalon.core.webui.keyword.WebUiBuiltInKeywords$click$2.call(Unknown Source)\r\n\tat Remove item from basket.run(Remove item from basket:21)\r\n\tat com.kms.katalon.core.main.ScriptEngine.run(ScriptEngine.java:194)\r\n\tat com.kms.katalon.core.main.ScriptEngine.runScriptAsRawText(ScriptEngine.java:119)\r\n\tat com.kms.katalon.core.main.TestCaseExecutor.runScript(TestCaseExecutor.java:337)\r\n\tat com.kms.katalon.core.main.TestCaseExecutor.doExecute(TestCaseExecutor.java:328)\r\n\tat com.kms.katalon.core.main.TestCaseExecutor.processExecutionPhase(TestCaseExecutor.java:307)\r\n\tat com.kms.katalon.core.main.TestCaseExecutor.accessMainPhase(TestCaseExecutor.java:299)\r\n\tat com.kms.katalon.core.main.TestCaseExecutor.execute(TestCaseExecutor.java:233)\r\n\tat com.kms.katalon.core.main.TestSuiteExecutor.accessTestCaseMainPhase(TestSuiteExecutor.java:169)\r\n\tat com.kms.katalon.core.main.TestSuiteExecutor.accessTestSuiteMainPhase(TestSuiteExecutor.java:142)\r\n\tat com.kms.katalon.core.main.TestSuiteExecutor.execute(TestSuiteExecutor.java:91)\r\n\tat com.kms.katalon.core.main.TestCaseMain.startTestSuite(TestCaseMain.java:157)\r\n\tat com.kms.katalon.core.main.TestCaseMain$startTestSuite$0.call(Unknown Source)\r\n\tat TempTestSuite1572529616467.run(TempTestSuite1572529616467.groovy:36)\r\n</property>
  <property name="failed.exception.class">com.kms.katalon.core.webui.exception.WebElementNotFoundException</property>
  <property name="failed.exception.message">Web element with id: &apos;Object Repository/Dutchie/Dispensary page/BasketContent&apos; located by &apos;By.xpath: //div[@class=&apos;icon__Container-twqf3o-0 mNrgr&apos;]&apos; not found</property>
</record>
<record>
  <date>2019-10-31T14:48:56</date>
  <millis>1572529736359</millis>
  <sequence>217</sequence>
  <level>END</level>
  <class>com.kms.katalon.core.logging.XmlKeywordLogger</class>
  <method>endTest</method>
  <thread>1</thread>
  <message>End Test Case : Test Cases/Dutchie/Remove item from basket</message>
  <nestedLevel>0</nestedLevel>
</record>
<record>
  <date>2019-10-31T14:48:57</date>
  <millis>1572529737019</millis>
  <sequence>218</sequence>
  <level>END</level>
  <class>com.kms.katalon.core.logging.XmlKeywordLogger</class>
  <method>endSuite</method>
  <thread>1</thread>
  <message>End Test Suite : Test Suites/Manipulation of quantity, weight and items before and after adding them to the cart</message>
  <nestedLevel>0</nestedLevel>
</record>
</log>
